# JRE version: OpenJDK Runtime Environment (17.0.9) (build 17.0.9+0--11185874)
# Java VM: OpenJDK 64-Bit Server VM (17.0.9+0--11185874, mixed mode, tiered, compressed oops, compressed class ptrs, g1 gc, windows-amd64)
GC Precious Log:
 CPUs: 4 total, 4 available
 Memory: 14216M
 Large Page Support: Disabled
 NUMA Support: Disabled
 Compressed Oops: Enabled (32-bit)
 Heap Region Size: 1M
 Heap Min Capacity: 8M
 Heap Initial Capacity: 224M
 Heap Max Capacity: 2G
 Pre-touch: Disabled
 Parallel Workers: 4
 Concurrent Workers: 1
 Concurrent Refinement Workers: 4
 Periodic GC: Disabled
Heap:
 garbage-first heap   total 463872K, used 278800K [0x0000000080000000, 0x0000000100000000)
  region size 1024K, 116 young (118784K), 14 survivors (14336K)
 Metaspace       used 135627K, committed 136640K, reserved 1179648K
  class space    used 17891K, committed 18368K, reserved 1048576K
GC Heap History (20 events):
Event: 77.880 GC heap before
{Heap before GC invocations=59 (full 0):
 garbage-first heap   total 205824K, used 159552K [0x0000000080000000, 0x0000000100000000)
  region size 1024K, 45 young (46080K), 1 survivors (1024K)
 Metaspace       used 110248K, committed 111104K, reserved 1179648K
  class space    used 15083K, committed 15488K, reserved 1048576K
}
Event: 77.887 GC heap after
{Heap after GC invocations=60 (full 0):
 garbage-first heap   total 205824K, used 117589K [0x0000000080000000, 0x0000000100000000)
  region size 1024K, 2 young (2048K), 2 survivors (2048K)
 Metaspace       used 110248K, committed 111104K, reserved 1179648K
  class space    used 15083K, committed 15488K, reserved 1048576K
}
Event: 78.308 GC heap before
{Heap before GC invocations=61 (full 0):
 garbage-first heap   total 258048K, used 173909K [0x0000000080000000, 0x0000000100000000)
  region size 1024K, 55 young (56320K), 2 survivors (2048K)
 Metaspace       used 110330K, committed 111168K, reserved 1179648K
  class space    used 15098K, committed 15488K, reserved 1048576K
}
Event: 78.315 GC heap after
{Heap after GC invocations=62 (full 0):
 garbage-first heap   total 258048K, used 120495K [0x0000000080000000, 0x0000000100000000)
  region size 1024K, 3 young (3072K), 3 survivors (3072K)
 Metaspace       used 110330K, committed 111168K, reserved 1179648K
  class space    used 15098K, committed 15488K, reserved 1048576K
}
Event: 78.361 GC heap before
{Heap before GC invocations=62 (full 0):
 garbage-first heap   total 258048K, used 129711K [0x0000000080000000, 0x0000000100000000)
  region size 1024K, 12 young (12288K), 3 survivors (3072K)
 Metaspace       used 110330K, committed 111168K, reserved 1179648K
  class space    used 15098K, committed 15488K, reserved 1048576K
}
Event: 78.370 GC heap after
{Heap after GC invocations=63 (full 0):
 garbage-first heap   total 258048K, used 120306K [0x0000000080000000, 0x0000000100000000)
  region size 1024K, 2 young (2048K), 2 survivors (2048K)
 Metaspace       used 110330K, committed 111168K, reserved 1179648K
  class space    used 15098K, committed 15488K, reserved 1048576K
}
Event: 79.325 GC heap before
{Heap before GC invocations=63 (full 0):
 garbage-first heap   total 258048K, used 205298K [0x0000000080000000, 0x0000000100000000)
  region size 1024K, 83 young (84992K), 2 survivors (2048K)
 Metaspace       used 110372K, committed 111168K, reserved 1179648K
  class space    used 15105K, committed 15488K, reserved 1048576K
}
Event: 79.328 GC heap after
{Heap after GC invocations=64 (full 0):
 garbage-first heap   total 258048K, used 120317K [0x0000000080000000, 0x0000000100000000)
  region size 1024K, 2 young (2048K), 2 survivors (2048K)
 Metaspace       used 110372K, committed 111168K, reserved 1179648K
  class space    used 15105K, committed 15488K, reserved 1048576K
}
Event: 80.511 GC heap before
{Heap before GC invocations=65 (full 0):
 garbage-first heap   total 258048K, used 218621K [0x0000000080000000, 0x0000000100000000)
  region size 1024K, 98 young (100352K), 2 survivors (2048K)
 Metaspace       used 110763K, committed 111488K, reserved 1179648K
  class space    used 15126K, committed 15488K, reserved 1048576K
}
Event: 80.516 GC heap after
{Heap after GC invocations=66 (full 0):
 garbage-first heap   total 258048K, used 122391K [0x0000000080000000, 0x0000000100000000)
  region size 1024K, 4 young (4096K), 4 survivors (4096K)
 Metaspace       used 110763K, committed 111488K, reserved 1179648K
  class space    used 15126K, committed 15488K, reserved 1048576K
}
Event: 80.638 GC heap before
{Heap before GC invocations=66 (full 0):
 garbage-first heap   total 258048K, used 130583K [0x0000000080000000, 0x0000000100000000)
  region size 1024K, 12 young (12288K), 4 survivors (4096K)
 Metaspace       used 110766K, committed 111552K, reserved 1179648K
  class space    used 15126K, committed 15488K, reserved 1048576K
}
Event: 80.644 GC heap after
{Heap after GC invocations=67 (full 0):
 garbage-first heap   total 258048K, used 122614K [0x0000000080000000, 0x0000000100000000)
  region size 1024K, 1 young (1024K), 1 survivors (1024K)
 Metaspace       used 110766K, committed 111552K, reserved 1179648K
  class space    used 15126K, committed 15488K, reserved 1048576K
}
Event: 81.547 GC heap before
{Heap before GC invocations=67 (full 0):
 garbage-first heap   total 258048K, used 218870K [0x0000000080000000, 0x0000000100000000)
  region size 1024K, 95 young (97280K), 1 survivors (1024K)
 Metaspace       used 110782K, committed 111552K, reserved 1179648K
  class space    used 15128K, committed 15488K, reserved 1048576K
}
Event: 81.556 GC heap after
{Heap after GC invocations=68 (full 0):
 garbage-first heap   total 463872K, used 122451K [0x0000000080000000, 0x0000000100000000)
  region size 1024K, 1 young (1024K), 1 survivors (1024K)
 Metaspace       used 110782K, committed 111552K, reserved 1179648K
  class space    used 15128K, committed 15488K, reserved 1048576K
}
Event: 102.484 GC heap before
{Heap before GC invocations=68 (full 0):
 garbage-first heap   total 463872K, used 281171K [0x0000000080000000, 0x0000000100000000)
  region size 1024K, 152 young (155648K), 1 survivors (1024K)
 Metaspace       used 116149K, committed 116928K, reserved 1179648K
  class space    used 15593K, committed 16000K, reserved 1048576K
}
Event: 102.507 GC heap after
{Heap after GC invocations=69 (full 0):
 garbage-first heap   total 463872K, used 128075K [0x0000000080000000, 0x0000000100000000)
  region size 1024K, 8 young (8192K), 8 survivors (8192K)
 Metaspace       used 116149K, committed 116928K, reserved 1179648K
  class space    used 15593K, committed 16000K, reserved 1048576K
}
Event: 2289.338 GC heap before
{Heap before GC invocations=69 (full 0):
 garbage-first heap   total 463872K, used 403531K [0x0000000080000000, 0x0000000100000000)
  region size 1024K, 269 young (275456K), 8 survivors (8192K)
 Metaspace       used 125220K, committed 126272K, reserved 1179648K
  class space    used 16777K, committed 17280K, reserved 1048576K
}
Event: 2289.398 GC heap after
{Heap after GC invocations=70 (full 0):
 garbage-first heap   total 463872K, used 160645K [0x0000000080000000, 0x0000000100000000)
  region size 1024K, 34 young (34816K), 34 survivors (34816K)
 Metaspace       used 125220K, committed 126272K, reserved 1179648K
  class space    used 16777K, committed 17280K, reserved 1048576K
}
Event: 2295.776 GC heap before
{Heap before GC invocations=70 (full 0):
 garbage-first heap   total 463872K, used 392069K [0x0000000080000000, 0x0000000100000000)
  region size 1024K, 236 young (241664K), 34 survivors (34816K)
 Metaspace       used 129901K, committed 130944K, reserved 1179648K
  class space    used 17186K, committed 17664K, reserved 1048576K
}
Event: 2295.830 GC heap after
{Heap after GC invocations=71 (full 0):
 garbage-first heap   total 463872K, used 174352K [0x0000000080000000, 0x0000000100000000)
  region size 1024K, 14 young (14336K), 14 survivors (14336K)
 Metaspace       used 129901K, committed 130944K, reserved 1179648K
  class space    used 17186K, committed 17664K, reserved 1048576K
}

